2019-06-13 14:51:45.072 INFO  --- [main] com.example.acm.AcmApplication Line:50  - Starting AcmApplication on DESKTOP-03CDSMO with PID 8028 (D:\ACM\acmBackT\wei_account\target\classes started by ggg in D:\ACM\acmBackT\wei_account)
2019-06-13 14:51:45.112 INFO  --- [main] com.example.acm.AcmApplication Line:659 - No active profile set, falling back to default profiles: default
2019-06-13 14:51:47.712 INFO  --- [main] org.apache.coyote.http11.Http11NioProtocol Line:180 - Initializing ProtocolHandler ["http-nio-9999"]
2019-06-13 14:51:47.732 INFO  --- [main] org.apache.catalina.core.StandardService Line:180 - Starting service [Tomcat]
2019-06-13 14:51:47.732 INFO  --- [main] org.apache.catalina.core.StandardEngine Line:180 - Starting Servlet Engine: Apache Tomcat/8.5.31
2019-06-13 14:51:47.732 INFO  --- [localhost-startStop-1] org.apache.catalina.core.AprLifecycleListener Line:180 - The APR based Apache Tomcat Native library which allows optimal performance in production environments was not found on the java.library.path: [C:\Program Files\Java\jdk1.8.0_151\bin;C:\WINDOWS\Sun\Java\bin;C:\WINDOWS\system32;C:\WINDOWS;C:\ProgramData\Oracle\Java\javapath;C:\Windows\system32;C:\Windows;C:\Windows\System32\Wbem;C:\Windows\System32\WindowsPowerShell\v1.0\;C:\Users\ggg\tomcat\apache-tomcat-7.0.82\lib;C:\Program Files\Java\jdk1.8.0_151\bin;C:\Users\ggg\apache-maven-3.5.2\bin;C:\Users\ggg\hadoop\hadoop-2.7.4\bin;C:\Users\ggg\hadoop\hadoop-2.7.4\sbin;C:\Program Files\hadoop\hadoop-2.7.4\bin;C:\Program Files\hadoop\hadoop-2.7.4\sbin;C:\Python27;C:\Program Files\PuTTY\;C:\Python27\Lib\site-packages\django\bin;C:\Python27\Scripts;C:\Program Files\MySQL\MySQL Server 5.7\bin;C:\Users\ggg\SDK\tools;C:\Users\ggg\SDK\platform-tools;D:\Git\cmd;D:\nodej\;C:\Program Files\dotnet\;C:\Program Files (x86)\NVIDIA Corporation\PhysX\Common;%SystemRoot%\system32;%SystemRoot%;%SystemRoot%\System32\Wbem;%SYSTEMROOT%\System32\WindowsPowerShell\v1.0\;%SYSTEMROOT%\System32\OpenSSH\;C:\Users\ggg\AppData\Local\Microsoft\WindowsApps;C:\Users\ggg\SSH Secure Shell;D:\GO\bin;C:\Users\ggg\AppData\Roaming\npm;D:\Microsoft VS Code\bin;;C:\Program Files (x86)\MyDrivers\DriverGenius;C:\Program Files (x86)\MyDrivers\DriverGenius\ksoft;.]
2019-06-13 14:51:47.872 INFO  --- [localhost-startStop-1] org.apache.catalina.core.ContainerBase.[Tomcat].[localhost].[/] Line:180 - Initializing Spring embedded WebApplicationContext
2019-06-13 14:51:50.352 INFO  --- [main] com.mangofactory.swagger.plugin.SwaggerPluginAdapter Line:33  - Context refreshed
2019-06-13 14:51:50.352 INFO  --- [main] com.mangofactory.swagger.plugin.SwaggerPluginAdapter Line:46  - Found custom SwaggerSpringMvcPlugins
2019-06-13 14:51:50.352 INFO  --- [main] com.mangofactory.swagger.plugin.SwaggerPluginAdapter Line:50  - initializing plugin bean customImplementation
2019-06-13 14:51:50.362 INFO  --- [main] com.mangofactory.swagger.scanners.ApiListingReferenceScanner Line:55  - Scanning for api listing references
2019-06-13 14:51:50.362 INFO  --- [main] com.mangofactory.swagger.core.ClassOrApiAnnotationResourceGrouping Line:50  - Group for method selectAlbum was album-controller
2019-06-13 14:51:50.362 INFO  --- [main] com.mangofactory.swagger.scanners.ApiListingReferenceScanner Line:78  - Request mapping: selectAlbum belongs to groups: [[ResourceGroup{groupName='album-controller', position=0}]] 
2019-06-13 14:51:50.362 INFO  --- [main] com.mangofactory.swagger.scanners.ApiListingReferenceScanner Line:82  - Adding resource to group:ResourceGroup{groupName='album-controller', position=0} with description:Album Controller for handler method:selectAlbum
2019-06-13 14:51:50.362 INFO  --- [main] com.mangofactory.swagger.core.ClassOrApiAnnotationResourceGrouping Line:50  - Group for method AlbumDetail was album-controller
2019-06-13 14:51:50.362 INFO  --- [main] com.mangofactory.swagger.scanners.ApiListingReferenceScanner Line:78  - Request mapping: AlbumDetail belongs to groups: [[ResourceGroup{groupName='album-controller', position=0}]] 
2019-06-13 14:51:50.362 INFO  --- [main] com.mangofactory.swagger.scanners.ApiListingReferenceScanner Line:82  - Adding resource to group:ResourceGroup{groupName='album-controller', position=0} with description:Album Controller for handler method:AlbumDetail
2019-06-13 14:51:50.362 INFO  --- [main] com.mangofactory.swagger.core.ClassOrApiAnnotationResourceGrouping Line:50  - Group for method addAlbum was album-controller
2019-06-13 14:51:50.362 INFO  --- [main] com.mangofactory.swagger.scanners.ApiListingReferenceScanner Line:78  - Request mapping: addAlbum belongs to groups: [[ResourceGroup{groupName='album-controller', position=0}]] 
2019-06-13 14:51:50.362 INFO  --- [main] com.mangofactory.swagger.scanners.ApiListingReferenceScanner Line:82  - Adding resource to group:ResourceGroup{groupName='album-controller', position=0} with description:Album Controller for handler method:addAlbum
2019-06-13 14:51:50.362 INFO  --- [main] com.mangofactory.swagger.core.ClassOrApiAnnotationResourceGrouping Line:50  - Group for method deleteAlbum was album-controller
2019-06-13 14:51:50.362 INFO  --- [main] com.mangofactory.swagger.scanners.ApiListingReferenceScanner Line:78  - Request mapping: deleteAlbum belongs to groups: [[ResourceGroup{groupName='album-controller', position=0}]] 
2019-06-13 14:51:50.362 INFO  --- [main] com.mangofactory.swagger.scanners.ApiListingReferenceScanner Line:82  - Adding resource to group:ResourceGroup{groupName='album-controller', position=0} with description:Album Controller for handler method:deleteAlbum
2019-06-13 14:51:50.362 INFO  --- [main] com.mangofactory.swagger.core.ClassOrApiAnnotationResourceGrouping Line:50  - Group for method deleteComment was comment-controller
2019-06-13 14:51:50.372 INFO  --- [main] com.mangofactory.swagger.scanners.ApiListingReferenceScanner Line:78  - Request mapping: deleteComment belongs to groups: [[ResourceGroup{groupName='comment-controller', position=0}]] 
2019-06-13 14:51:50.372 INFO  --- [main] com.mangofactory.swagger.scanners.ApiListingReferenceScanner Line:82  - Adding resource to group:ResourceGroup{groupName='comment-controller', position=0} with description:Comment Controller for handler method:deleteComment
2019-06-13 14:51:50.372 INFO  --- [main] com.mangofactory.swagger.core.ClassOrApiAnnotationResourceGrouping Line:50  - Group for method addComment was comment-controller
2019-06-13 14:51:50.372 INFO  --- [main] com.mangofactory.swagger.scanners.ApiListingReferenceScanner Line:78  - Request mapping: addComment belongs to groups: [[ResourceGroup{groupName='comment-controller', position=0}]] 
2019-06-13 14:51:50.372 INFO  --- [main] com.mangofactory.swagger.scanners.ApiListingReferenceScanner Line:82  - Adding resource to group:ResourceGroup{groupName='comment-controller', position=0} with description:Comment Controller for handler method:addComment
2019-06-13 14:51:50.372 INFO  --- [main] com.mangofactory.swagger.core.ClassOrApiAnnotationResourceGrouping Line:50  - Group for method selectComment was comment-controller
2019-06-13 14:51:50.372 INFO  --- [main] com.mangofactory.swagger.scanners.ApiListingReferenceScanner Line:78  - Request mapping: selectComment belongs to groups: [[ResourceGroup{groupName='comment-controller', position=0}]] 
2019-06-13 14:51:50.372 INFO  --- [main] com.mangofactory.swagger.scanners.ApiListingReferenceScanner Line:82  - Adding resource to group:ResourceGroup{groupName='comment-controller', position=0} with description:Comment Controller for handler method:selectComment
2019-06-13 14:51:50.372 INFO  --- [main] com.mangofactory.swagger.core.ClassOrApiAnnotationResourceGrouping Line:50  - Group for method selectBackComment was comment-controller
2019-06-13 14:51:50.372 INFO  --- [main] com.mangofactory.swagger.scanners.ApiListingReferenceScanner Line:78  - Request mapping: selectBackComment belongs to groups: [[ResourceGroup{groupName='comment-controller', position=0}]] 
2019-06-13 14:51:50.372 INFO  --- [main] com.mangofactory.swagger.scanners.ApiListingReferenceScanner Line:82  - Adding resource to group:ResourceGroup{groupName='comment-controller', position=0} with description:Comment Controller for handler method:selectBackComment
2019-06-13 14:51:50.372 INFO  --- [main] com.mangofactory.swagger.core.ClassOrApiAnnotationResourceGrouping Line:50  - Group for method selectUserComment was comment-controller
2019-06-13 14:51:50.372 INFO  --- [main] com.mangofactory.swagger.scanners.ApiListingReferenceScanner Line:78  - Request mapping: selectUserComment belongs to groups: [[ResourceGroup{groupName='comment-controller', position=0}]] 
2019-06-13 14:51:50.372 INFO  --- [main] com.mangofactory.swagger.scanners.ApiListingReferenceScanner Line:82  - Adding resource to group:ResourceGroup{groupName='comment-controller', position=0} with description:Comment Controller for handler method:selectUserComment
2019-06-13 14:51:50.372 INFO  --- [main] com.mangofactory.swagger.core.ClassOrApiAnnotationResourceGrouping Line:50  - Group for method addFollow was follow-controller
2019-06-13 14:51:50.372 INFO  --- [main] com.mangofactory.swagger.scanners.ApiListingReferenceScanner Line:78  - Request mapping: addFollow belongs to groups: [[ResourceGroup{groupName='follow-controller', position=0}]] 
2019-06-13 14:51:50.382 INFO  --- [main] com.mangofactory.swagger.scanners.ApiListingReferenceScanner Line:82  - Adding resource to group:ResourceGroup{groupName='follow-controller', position=0} with description:Follow Controller for handler method:addFollow
2019-06-13 14:51:50.382 INFO  --- [main] com.mangofactory.swagger.core.ClassOrApiAnnotationResourceGrouping Line:50  - Group for method isFollow was follow-controller
2019-06-13 14:51:50.382 INFO  --- [main] com.mangofactory.swagger.scanners.ApiListingReferenceScanner Line:78  - Request mapping: isFollow belongs to groups: [[ResourceGroup{groupName='follow-controller', position=0}]] 
2019-06-13 14:51:50.382 INFO  --- [main] com.mangofactory.swagger.scanners.ApiListingReferenceScanner Line:82  - Adding resource to group:ResourceGroup{groupName='follow-controller', position=0} with description:Follow Controller for handler method:isFollow
2019-06-13 14:51:50.382 INFO  --- [main] com.mangofactory.swagger.core.ClassOrApiAnnotationResourceGrouping Line:50  - Group for method selectFollow was follow-controller
2019-06-13 14:51:50.382 INFO  --- [main] com.mangofactory.swagger.scanners.ApiListingReferenceScanner Line:78  - Request mapping: selectFollow belongs to groups: [[ResourceGroup{groupName='follow-controller', position=0}]] 
2019-06-13 14:51:50.382 INFO  --- [main] com.mangofactory.swagger.scanners.ApiListingReferenceScanner Line:82  - Adding resource to group:ResourceGroup{groupName='follow-controller', position=0} with description:Follow Controller for handler method:selectFollow
2019-06-13 14:51:50.382 INFO  --- [main] com.mangofactory.swagger.core.ClassOrApiAnnotationResourceGrouping Line:50  - Group for method deleteFollow was follow-controller
2019-06-13 14:51:50.382 INFO  --- [main] com.mangofactory.swagger.scanners.ApiListingReferenceScanner Line:78  - Request mapping: deleteFollow belongs to groups: [[ResourceGroup{groupName='follow-controller', position=0}]] 
2019-06-13 14:51:50.382 INFO  --- [main] com.mangofactory.swagger.scanners.ApiListingReferenceScanner Line:82  - Adding resource to group:ResourceGroup{groupName='follow-controller', position=0} with description:Follow Controller for handler method:deleteFollow
2019-06-13 14:51:50.382 INFO  --- [main] com.mangofactory.swagger.core.ClassOrApiAnnotationResourceGrouping Line:50  - Group for method addFriendurl was friendurl-controller
2019-06-13 14:51:50.382 INFO  --- [main] com.mangofactory.swagger.scanners.ApiListingReferenceScanner Line:78  - Request mapping: addFriendurl belongs to groups: [[ResourceGroup{groupName='friendurl-controller', position=0}]] 
2019-06-13 14:51:50.382 INFO  --- [main] com.mangofactory.swagger.scanners.ApiListingReferenceScanner Line:82  - Adding resource to group:ResourceGroup{groupName='friendurl-controller', position=0} with description:Friendurl Controller for handler method:addFriendurl
2019-06-13 14:51:50.382 INFO  --- [main] com.mangofactory.swagger.core.ClassOrApiAnnotationResourceGrouping Line:50  - Group for method updateFriendurl was friendurl-controller
2019-06-13 14:51:50.382 INFO  --- [main] com.mangofactory.swagger.scanners.ApiListingReferenceScanner Line:78  - Request mapping: updateFriendurl belongs to groups: [[ResourceGroup{groupName='friendurl-controller', position=0}]] 
2019-06-13 14:51:50.392 INFO  --- [main] com.mangofactory.swagger.scanners.ApiListingReferenceScanner Line:82  - Adding resource to group:ResourceGroup{groupName='friendurl-controller', position=0} with description:Friendurl Controller for handler method:updateFriendurl
2019-06-13 14:51:50.392 INFO  --- [main] com.mangofactory.swagger.core.ClassOrApiAnnotationResourceGrouping Line:50  - Group for method detailFriendurl was friendurl-controller
2019-06-13 14:51:50.392 INFO  --- [main] com.mangofactory.swagger.scanners.ApiListingReferenceScanner Line:78  - Request mapping: detailFriendurl belongs to groups: [[ResourceGroup{groupName='friendurl-controller', position=0}]] 
2019-06-13 14:51:50.392 INFO  --- [main] com.mangofactory.swagger.scanners.ApiListingReferenceScanner Line:82  - Adding resource to group:ResourceGroup{groupName='friendurl-controller', position=0} with description:Friendurl Controller for handler method:detailFriendurl
2019-06-13 14:51:50.392 INFO  --- [main] com.mangofactory.swagger.core.ClassOrApiAnnotationResourceGrouping Line:50  - Group for method deleteFriendurl was friendurl-controller
2019-06-13 14:51:50.392 INFO  --- [main] com.mangofactory.swagger.scanners.ApiListingReferenceScanner Line:78  - Request mapping: deleteFriendurl belongs to groups: [[ResourceGroup{groupName='friendurl-controller', position=0}]] 
2019-06-13 14:51:50.392 INFO  --- [main] com.mangofactory.swagger.scanners.ApiListingReferenceScanner Line:82  - Adding resource to group:ResourceGroup{groupName='friendurl-controller', position=0} with description:Friendurl Controller for handler method:deleteFriendurl
2019-06-13 14:51:50.392 INFO  --- [main] com.mangofactory.swagger.core.ClassOrApiAnnotationResourceGrouping Line:50  - Group for method selectCompetition was friendurl-controller
2019-06-13 14:51:50.392 INFO  --- [main] com.mangofactory.swagger.scanners.ApiListingReferenceScanner Line:78  - Request mapping: selectCompetition belongs to groups: [[ResourceGroup{groupName='friendurl-controller', position=0}]] 
2019-06-13 14:51:50.392 INFO  --- [main] com.mangofactory.swagger.scanners.ApiListingReferenceScanner Line:82  - Adding resource to group:ResourceGroup{groupName='friendurl-controller', position=0} with description:Friendurl Controller for handler method:selectCompetition
2019-06-13 14:51:50.392 INFO  --- [main] com.mangofactory.swagger.core.ClassOrApiAnnotationResourceGrouping Line:50  - Group for method uploadImg was image-controller
2019-06-13 14:51:50.392 INFO  --- [main] com.mangofactory.swagger.scanners.ApiListingReferenceScanner Line:78  - Request mapping: uploadImg belongs to groups: [[ResourceGroup{groupName='image-controller', position=0}]] 
2019-06-13 14:51:50.392 INFO  --- [main] com.mangofactory.swagger.scanners.ApiListingReferenceScanner Line:82  - Adding resource to group:ResourceGroup{groupName='image-controller', position=0} with description:Image Controller for handler method:uploadImg
2019-06-13 14:51:50.392 INFO  --- [main] com.mangofactory.swagger.core.ClassOrApiAnnotationResourceGrouping Line:50  - Group for method showPhotos was image-controller
2019-06-13 14:51:50.392 INFO  --- [main] com.mangofactory.swagger.scanners.ApiListingReferenceScanner Line:78  - Request mapping: showPhotos belongs to groups: [[ResourceGroup{groupName='image-controller', position=0}]] 
2019-06-13 14:51:50.402 INFO  --- [main] com.mangofactory.swagger.scanners.ApiListingReferenceScanner Line:82  - Adding resource to group:ResourceGroup{groupName='image-controller', position=0} with description:Image Controller for handler method:showPhotos
2019-06-13 14:51:50.402 INFO  --- [main] com.mangofactory.swagger.core.ClassOrApiAnnotationResourceGrouping Line:50  - Group for method uploadImg1 was image-controller
2019-06-13 14:51:50.402 INFO  --- [main] com.mangofactory.swagger.scanners.ApiListingReferenceScanner Line:78  - Request mapping: uploadImg1 belongs to groups: [[ResourceGroup{groupName='image-controller', position=0}]] 
2019-06-13 14:51:50.402 INFO  --- [main] com.mangofactory.swagger.scanners.ApiListingReferenceScanner Line:82  - Adding resource to group:ResourceGroup{groupName='image-controller', position=0} with description:Image Controller for handler method:uploadImg1
2019-06-13 14:51:50.402 INFO  --- [main] com.mangofactory.swagger.core.ClassOrApiAnnotationResourceGrouping Line:50  - Group for method getProblemSum was info-controller
2019-06-13 14:51:50.402 INFO  --- [main] com.mangofactory.swagger.scanners.ApiListingReferenceScanner Line:78  - Request mapping: getProblemSum belongs to groups: [[ResourceGroup{groupName='info-controller', position=0}]] 
2019-06-13 14:51:50.402 INFO  --- [main] com.mangofactory.swagger.scanners.ApiListingReferenceScanner Line:82  - Adding resource to group:ResourceGroup{groupName='info-controller', position=0} with description:Info Controller for handler method:getProblemSum
2019-06-13 14:51:50.402 INFO  --- [main] com.mangofactory.swagger.core.ClassOrApiAnnotationResourceGrouping Line:50  - Group for method getInvitationSum was info-controller
2019-06-13 14:51:50.402 INFO  --- [main] com.mangofactory.swagger.scanners.ApiListingReferenceScanner Line:78  - Request mapping: getInvitationSum belongs to groups: [[ResourceGroup{groupName='info-controller', position=0}]] 
2019-06-13 14:51:50.402 INFO  --- [main] com.mangofactory.swagger.scanners.ApiListingReferenceScanner Line:82  - Adding resource to group:ResourceGroup{groupName='info-controller', position=0} with description:Info Controller for handler method:getInvitationSum
2019-06-13 14:51:50.402 INFO  --- [main] com.mangofactory.swagger.core.ClassOrApiAnnotationResourceGrouping Line:50  - Group for method getIndexInfo was info-controller
2019-06-13 14:51:50.402 INFO  --- [main] com.mangofactory.swagger.scanners.ApiListingReferenceScanner Line:78  - Request mapping: getIndexInfo belongs to groups: [[ResourceGroup{groupName='info-controller', position=0}]] 
2019-06-13 14:51:50.402 INFO  --- [main] com.mangofactory.swagger.scanners.ApiListingReferenceScanner Line:82  - Adding resource to group:ResourceGroup{groupName='info-controller', position=0} with description:Info Controller for handler method:getIndexInfo
2019-06-13 14:51:50.402 INFO  --- [main] com.mangofactory.swagger.core.ClassOrApiAnnotationResourceGrouping Line:50  - Group for method greateInvitation was invitation-controller
2019-06-13 14:51:50.402 INFO  --- [main] com.mangofactory.swagger.scanners.ApiListingReferenceScanner Line:78  - Request mapping: greateInvitation belongs to groups: [[ResourceGroup{groupName='invitation-controller', position=0}]] 
2019-06-13 14:51:50.412 INFO  --- [main] com.mangofactory.swagger.scanners.ApiListingReferenceScanner Line:82  - Adding resource to group:ResourceGroup{groupName='invitation-controller', position=0} with description:Invitation Controller for handler method:greateInvitation
2019-06-13 14:51:50.412 INFO  --- [main] com.mangofactory.swagger.core.ClassOrApiAnnotationResourceGrouping Line:50  - Group for method invitationDetail was invitation-controller
2019-06-13 14:51:50.412 INFO  --- [main] com.mangofactory.swagger.scanners.ApiListingReferenceScanner Line:78  - Request mapping: invitationDetail belongs to groups: [[ResourceGroup{groupName='invitation-controller', position=0}]] 
2019-06-13 14:51:50.412 INFO  --- [main] com.mangofactory.swagger.scanners.ApiListingReferenceScanner Line:82  - Adding resource to group:ResourceGroup{groupName='invitation-controller', position=0} with description:Invitation Controller for handler method:invitationDetail
2019-06-13 14:51:50.412 INFO  --- [main] com.mangofactory.swagger.core.ClassOrApiAnnotationResourceGrouping Line:50  - Group for method firstInvitation was invitation-controller
2019-06-13 14:51:50.412 INFO  --- [main] com.mangofactory.swagger.scanners.ApiListingReferenceScanner Line:78  - Request mapping: firstInvitation belongs to groups: [[ResourceGroup{groupName='invitation-controller', position=0}]] 
2019-06-13 14:51:50.412 INFO  --- [main] com.mangofactory.swagger.scanners.ApiListingReferenceScanner Line:82  - Adding resource to group:ResourceGroup{groupName='invitation-controller', position=0} with description:Invitation Controller for handler method:firstInvitation
2019-06-13 14:51:50.412 INFO  --- [main] com.mangofactory.swagger.core.ClassOrApiAnnotationResourceGrouping Line:50  - Group for method deleteInvitation was invitation-controller
2019-06-13 14:51:50.412 INFO  --- [main] com.mangofactory.swagger.scanners.ApiListingReferenceScanner Line:78  - Request mapping: deleteInvitation belongs to groups: [[ResourceGroup{groupName='invitation-controller', position=0}]] 
2019-06-13 14:51:50.412 INFO  --- [main] com.mangofactory.swagger.scanners.ApiListingReferenceScanner Line:82  - Adding resource to group:ResourceGroup{groupName='invitation-controller', position=0} with description:Invitation Controller for handler method:deleteInvitation
2019-06-13 14:51:50.412 INFO  --- [main] com.mangofactory.swagger.core.ClassOrApiAnnotationResourceGrouping Line:50  - Group for method addInvitation was invitation-controller
2019-06-13 14:51:50.412 INFO  --- [main] com.mangofactory.swagger.scanners.ApiListingReferenceScanner Line:78  - Request mapping: addInvitation belongs to groups: [[ResourceGroup{groupName='invitation-controller', position=0}]] 
2019-06-13 14:51:50.412 INFO  --- [main] com.mangofactory.swagger.scanners.ApiListingReferenceScanner Line:82  - Adding resource to group:ResourceGroup{groupName='invitation-controller', position=0} with description:Invitation Controller for handler method:addInvitation
2019-06-13 14:51:50.412 INFO  --- [main] com.mangofactory.swagger.core.ClassOrApiAnnotationResourceGrouping Line:50  - Group for method updateInvitation was invitation-controller
2019-06-13 14:51:50.412 INFO  --- [main] com.mangofactory.swagger.scanners.ApiListingReferenceScanner Line:78  - Request mapping: updateInvitation belongs to groups: [[ResourceGroup{groupName='invitation-controller', position=0}]] 
2019-06-13 14:51:50.422 INFO  --- [main] com.mangofactory.swagger.scanners.ApiListingReferenceScanner Line:82  - Adding resource to group:ResourceGroup{groupName='invitation-controller', position=0} with description:Invitation Controller for handler method:updateInvitation
2019-06-13 14:51:50.422 INFO  --- [main] com.mangofactory.swagger.core.ClassOrApiAnnotationResourceGrouping Line:50  - Group for method selectInvitation was invitation-controller
2019-06-13 14:51:50.422 INFO  --- [main] com.mangofactory.swagger.scanners.ApiListingReferenceScanner Line:78  - Request mapping: selectInvitation belongs to groups: [[ResourceGroup{groupName='invitation-controller', position=0}]] 
2019-06-13 14:51:50.422 INFO  --- [main] com.mangofactory.swagger.scanners.ApiListingReferenceScanner Line:82  - Adding resource to group:ResourceGroup{groupName='invitation-controller', position=0} with description:Invitation Controller for handler method:selectInvitation
2019-06-13 14:51:50.422 INFO  --- [main] com.mangofactory.swagger.core.ClassOrApiAnnotationResourceGrouping Line:50  - Group for method newInvitationDetail was invitation-controller
2019-06-13 14:51:50.422 INFO  --- [main] com.mangofactory.swagger.scanners.ApiListingReferenceScanner Line:78  - Request mapping: newInvitationDetail belongs to groups: [[ResourceGroup{groupName='invitation-controller', position=0}]] 
2019-06-13 14:51:50.422 INFO  --- [main] com.mangofactory.swagger.scanners.ApiListingReferenceScanner Line:82  - Adding resource to group:ResourceGroup{groupName='invitation-controller', position=0} with description:Invitation Controller for handler method:newInvitationDetail
2019-06-13 14:51:50.422 INFO  --- [main] com.mangofactory.swagger.core.ClassOrApiAnnotationResourceGrouping Line:50  - Group for method selectLecture was lecture-controller
2019-06-13 14:51:50.422 INFO  --- [main] com.mangofactory.swagger.scanners.ApiListingReferenceScanner Line:78  - Request mapping: selectLecture belongs to groups: [[ResourceGroup{groupName='lecture-controller', position=0}]] 
2019-06-13 14:51:50.422 INFO  --- [main] com.mangofactory.swagger.scanners.ApiListingReferenceScanner Line:82  - Adding resource to group:ResourceGroup{groupName='lecture-controller', position=0} with description:Lecture Controller for handler method:selectLecture
2019-06-13 14:51:50.422 INFO  --- [main] com.mangofactory.swagger.core.ClassOrApiAnnotationResourceGrouping Line:50  - Group for method applyLecture was lecture-controller
2019-06-13 14:51:50.422 INFO  --- [main] com.mangofactory.swagger.scanners.ApiListingReferenceScanner Line:78  - Request mapping: applyLecture belongs to groups: [[ResourceGroup{groupName='lecture-controller', position=0}]] 
2019-06-13 14:51:50.422 INFO  --- [main] com.mangofactory.swagger.scanners.ApiListingReferenceScanner Line:82  - Adding resource to group:ResourceGroup{groupName='lecture-controller', position=0} with description:Lecture Controller for handler method:applyLecture
2019-06-13 14:51:50.432 INFO  --- [main] com.mangofactory.swagger.core.ClassOrApiAnnotationResourceGrouping Line:50  - Group for method updateLecture was lecture-controller
2019-06-13 14:51:50.432 INFO  --- [main] com.mangofactory.swagger.scanners.ApiListingReferenceScanner Line:78  - Request mapping: updateLecture belongs to groups: [[ResourceGroup{groupName='lecture-controller', position=0}]] 
2019-06-13 14:51:50.432 INFO  --- [main] com.mangofactory.swagger.scanners.ApiListingReferenceScanner Line:82  - Adding resource to group:ResourceGroup{groupName='lecture-controller', position=0} with description:Lecture Controller for handler method:updateLecture
2019-06-13 14:51:50.432 INFO  --- [main] com.mangofactory.swagger.core.ClassOrApiAnnotationResourceGrouping Line:50  - Group for method newLecture was lecture-controller
2019-06-13 14:51:50.432 INFO  --- [main] com.mangofactory.swagger.scanners.ApiListingReferenceScanner Line:78  - Request mapping: newLecture belongs to groups: [[ResourceGroup{groupName='lecture-controller', position=0}]] 
2019-06-13 14:51:50.432 INFO  --- [main] com.mangofactory.swagger.scanners.ApiListingReferenceScanner Line:82  - Adding resource to group:ResourceGroup{groupName='lecture-controller', position=0} with description:Lecture Controller for handler method:newLecture
2019-06-13 14:51:50.432 INFO  --- [main] com.mangofactory.swagger.core.ClassOrApiAnnotationResourceGrouping Line:50  - Group for method addLecture was lecture-controller
2019-06-13 14:51:50.432 INFO  --- [main] com.mangofactory.swagger.scanners.ApiListingReferenceScanner Line:78  - Request mapping: addLecture belongs to groups: [[ResourceGroup{groupName='lecture-controller', position=0}]] 
2019-06-13 14:51:50.432 INFO  --- [main] com.mangofactory.swagger.scanners.ApiListingReferenceScanner Line:82  - Adding resource to group:ResourceGroup{groupName='lecture-controller', position=0} with description:Lecture Controller for handler method:addLecture
2019-06-13 14:51:50.432 INFO  --- [main] com.mangofactory.swagger.core.ClassOrApiAnnotationResourceGrouping Line:50  - Group for method personLecture was lecture-controller
2019-06-13 14:51:50.432 INFO  --- [main] com.mangofactory.swagger.scanners.ApiListingReferenceScanner Line:78  - Request mapping: personLecture belongs to groups: [[ResourceGroup{groupName='lecture-controller', position=0}]] 
2019-06-13 14:51:50.432 INFO  --- [main] com.mangofactory.swagger.scanners.ApiListingReferenceScanner Line:82  - Adding resource to group:ResourceGroup{groupName='lecture-controller', position=0} with description:Lecture Controller for handler method:personLecture
2019-06-13 14:51:50.432 INFO  --- [main] com.mangofactory.swagger.core.ClassOrApiAnnotationResourceGrouping Line:50  - Group for method lectureDetail was lecture-controller
2019-06-13 14:51:50.432 INFO  --- [main] com.mangofactory.swagger.scanners.ApiListingReferenceScanner Line:78  - Request mapping: lectureDetail belongs to groups: [[ResourceGroup{groupName='lecture-controller', position=0}]] 
2019-06-13 14:51:50.442 INFO  --- [main] com.mangofactory.swagger.scanners.ApiListingReferenceScanner Line:82  - Adding resource to group:ResourceGroup{groupName='lecture-controller', position=0} with description:Lecture Controller for handler method:lectureDetail
2019-06-13 14:51:50.442 INFO  --- [main] com.mangofactory.swagger.core.ClassOrApiAnnotationResourceGrouping Line:50  - Group for method doneCompetition was lecture-controller
2019-06-13 14:51:50.442 INFO  --- [main] com.mangofactory.swagger.scanners.ApiListingReferenceScanner Line:78  - Request mapping: doneCompetition belongs to groups: [[ResourceGroup{groupName='lecture-controller', position=0}]] 
2019-06-13 14:51:50.442 INFO  --- [main] com.mangofactory.swagger.scanners.ApiListingReferenceScanner Line:82  - Adding resource to group:ResourceGroup{groupName='lecture-controller', position=0} with description:Lecture Controller for handler method:doneCompetition
2019-06-13 14:51:50.442 INFO  --- [main] com.mangofactory.swagger.core.ClassOrApiAnnotationResourceGrouping Line:50  - Group for method deleteLecture was lecture-controller
2019-06-13 14:51:50.442 INFO  --- [main] com.mangofactory.swagger.scanners.ApiListingReferenceScanner Line:78  - Request mapping: deleteLecture belongs to groups: [[ResourceGroup{groupName='lecture-controller', position=0}]] 
2019-06-13 14:51:50.442 INFO  --- [main] com.mangofactory.swagger.scanners.ApiListingReferenceScanner Line:82  - Adding resource to group:ResourceGroup{groupName='lecture-controller', position=0} with description:Lecture Controller for handler method:deleteLecture
2019-06-13 14:51:50.442 INFO  --- [main] com.mangofactory.swagger.core.ClassOrApiAnnotationResourceGrouping Line:50  - Group for method exportExcel was lecture-controller
2019-06-13 14:51:50.442 INFO  --- [main] com.mangofactory.swagger.scanners.ApiListingReferenceScanner Line:78  - Request mapping: exportExcel belongs to groups: [[ResourceGroup{groupName='lecture-controller', position=0}]] 
2019-06-13 14:51:50.442 INFO  --- [main] com.mangofactory.swagger.scanners.ApiListingReferenceScanner Line:82  - Adding resource to group:ResourceGroup{groupName='lecture-controller', position=0} with description:Lecture Controller for handler method:exportExcel
2019-06-13 14:51:50.442 INFO  --- [main] com.mangofactory.swagger.core.ClassOrApiAnnotationResourceGrouping Line:50  - Group for method applyOrNot was lecture-controller
2019-06-13 14:51:50.442 INFO  --- [main] com.mangofactory.swagger.scanners.ApiListingReferenceScanner Line:78  - Request mapping: applyOrNot belongs to groups: [[ResourceGroup{groupName='lecture-controller', position=0}]] 
2019-06-13 14:51:50.442 INFO  --- [main] com.mangofactory.swagger.scanners.ApiListingReferenceScanner Line:82  - Adding resource to group:ResourceGroup{groupName='lecture-controller', position=0} with description:Lecture Controller for handler method:applyOrNot
2019-06-13 14:51:50.442 INFO  --- [main] com.mangofactory.swagger.core.ClassOrApiAnnotationResourceGrouping Line:50  - Group for method deleteApplyLecture was lecture-controller
2019-06-13 14:51:50.442 INFO  --- [main] com.mangofactory.swagger.scanners.ApiListingReferenceScanner Line:78  - Request mapping: deleteApplyLecture belongs to groups: [[ResourceGroup{groupName='lecture-controller', position=0}]] 
2019-06-13 14:51:50.452 INFO  --- [main] com.mangofactory.swagger.scanners.ApiListingReferenceScanner Line:82  - Adding resource to group:ResourceGroup{groupName='lecture-controller', position=0} with description:Lecture Controller for handler method:deleteApplyLecture
2019-06-13 14:51:50.452 INFO  --- [main] com.mangofactory.swagger.core.ClassOrApiAnnotationResourceGrouping Line:50  - Group for method selectUserLecture was lecture-controller
2019-06-13 14:51:50.452 INFO  --- [main] com.mangofactory.swagger.scanners.ApiListingReferenceScanner Line:78  - Request mapping: selectUserLecture belongs to groups: [[ResourceGroup{groupName='lecture-controller', position=0}]] 
2019-06-13 14:51:50.472 INFO  --- [main] com.mangofactory.swagger.scanners.ApiListingReferenceScanner Line:82  - Adding resource to group:ResourceGroup{groupName='lecture-controller', position=0} with description:Lecture Controller for handler method:selectUserLecture
2019-06-13 14:51:50.472 INFO  --- [main] com.mangofactory.swagger.core.ClassOrApiAnnotationResourceGrouping Line:50  - Group for method selectUserPhoto was photo-controller
2019-06-13 14:51:50.472 INFO  --- [main] com.mangofactory.swagger.scanners.ApiListingReferenceScanner Line:78  - Request mapping: selectUserPhoto belongs to groups: [[ResourceGroup{groupName='photo-controller', position=0}]] 
2019-06-13 14:51:50.472 INFO  --- [main] com.mangofactory.swagger.scanners.ApiListingReferenceScanner Line:82  - Adding resource to group:ResourceGroup{groupName='photo-controller', position=0} with description:Photo Controller for handler method:selectUserPhoto
2019-06-13 14:51:50.472 INFO  --- [main] com.mangofactory.swagger.core.ClassOrApiAnnotationResourceGrouping Line:50  - Group for method addPhoto was photo-controller
2019-06-13 14:51:50.472 INFO  --- [main] com.mangofactory.swagger.scanners.ApiListingReferenceScanner Line:78  - Request mapping: addPhoto belongs to groups: [[ResourceGroup{groupName='photo-controller', position=0}]] 
2019-06-13 14:51:50.472 INFO  --- [main] com.mangofactory.swagger.scanners.ApiListingReferenceScanner Line:82  - Adding resource to group:ResourceGroup{groupName='photo-controller', position=0} with description:Photo Controller for handler method:addPhoto
2019-06-13 14:51:50.472 INFO  --- [main] com.mangofactory.swagger.core.ClassOrApiAnnotationResourceGrouping Line:50  - Group for method selectPhoto was photo-controller
2019-06-13 14:51:50.472 INFO  --- [main] com.mangofactory.swagger.scanners.ApiListingReferenceScanner Line:78  - Request mapping: selectPhoto belongs to groups: [[ResourceGroup{groupName='photo-controller', position=0}]] 
2019-06-13 14:51:50.472 INFO  --- [main] com.mangofactory.swagger.scanners.ApiListingReferenceScanner Line:82  - Adding resource to group:ResourceGroup{groupName='photo-controller', position=0} with description:Photo Controller for handler method:selectPhoto
2019-06-13 14:51:50.472 INFO  --- [main] com.mangofactory.swagger.core.ClassOrApiAnnotationResourceGrouping Line:50  - Group for method deletePhoto was photo-controller
2019-06-13 14:51:50.472 INFO  --- [main] com.mangofactory.swagger.scanners.ApiListingReferenceScanner Line:78  - Request mapping: deletePhoto belongs to groups: [[ResourceGroup{groupName='photo-controller', position=0}]] 
2019-06-13 14:51:50.472 INFO  --- [main] com.mangofactory.swagger.scanners.ApiListingReferenceScanner Line:82  - Adding resource to group:ResourceGroup{groupName='photo-controller', position=0} with description:Photo Controller for handler method:deletePhoto
2019-06-13 14:51:50.482 INFO  --- [main] com.mangofactory.swagger.core.ClassOrApiAnnotationResourceGrouping Line:50  - Group for method beCover was photo-controller
2019-06-13 14:51:50.482 INFO  --- [main] com.mangofactory.swagger.scanners.ApiListingReferenceScanner Line:78  - Request mapping: beCover belongs to groups: [[ResourceGroup{groupName='photo-controller', position=0}]] 
2019-06-13 14:51:50.482 INFO  --- [main] com.mangofactory.swagger.scanners.ApiListingReferenceScanner Line:82  - Adding resource to group:ResourceGroup{groupName='photo-controller', position=0} with description:Photo Controller for handler method:beCover
2019-06-13 14:51:50.482 INFO  --- [main] com.mangofactory.swagger.core.ClassOrApiAnnotationResourceGrouping Line:50  - Group for method addProblem was problem-controller
2019-06-13 14:51:50.482 INFO  --- [main] com.mangofactory.swagger.scanners.ApiListingReferenceScanner Line:78  - Request mapping: addProblem belongs to groups: [[ResourceGroup{groupName='problem-controller', position=0}]] 
2019-06-13 14:51:50.482 INFO  --- [main] com.mangofactory.swagger.scanners.ApiListingReferenceScanner Line:82  - Adding resource to group:ResourceGroup{groupName='problem-controller', position=0} with description:problem Controller for handler method:addProblem
2019-06-13 14:51:50.482 INFO  --- [main] com.mangofactory.swagger.core.ClassOrApiAnnotationResourceGrouping Line:50  - Group for method addAns was problem-controller
2019-06-13 14:51:50.482 INFO  --- [main] com.mangofactory.swagger.scanners.ApiListingReferenceScanner Line:78  - Request mapping: addAns belongs to groups: [[ResourceGroup{groupName='problem-controller', position=0}]] 
2019-06-13 14:51:50.482 INFO  --- [main] com.mangofactory.swagger.scanners.ApiListingReferenceScanner Line:82  - Adding resource to group:ResourceGroup{groupName='problem-controller', position=0} with description:problem Controller for handler method:addAns
2019-06-13 14:51:50.482 INFO  --- [main] com.mangofactory.swagger.core.ClassOrApiAnnotationResourceGrouping Line:50  - Group for method newProblemDetail was problem-controller
2019-06-13 14:51:50.482 INFO  --- [main] com.mangofactory.swagger.scanners.ApiListingReferenceScanner Line:78  - Request mapping: newProblemDetail belongs to groups: [[ResourceGroup{groupName='problem-controller', position=0}]] 
2019-06-13 14:51:50.482 INFO  --- [main] com.mangofactory.swagger.scanners.ApiListingReferenceScanner Line:82  - Adding resource to group:ResourceGroup{groupName='problem-controller', position=0} with description:problem Controller for handler method:newProblemDetail
2019-06-13 14:51:50.482 INFO  --- [main] com.mangofactory.swagger.core.ClassOrApiAnnotationResourceGrouping Line:50  - Group for method deleteProblem was problem-controller
2019-06-13 14:51:50.482 INFO  --- [main] com.mangofactory.swagger.scanners.ApiListingReferenceScanner Line:78  - Request mapping: deleteProblem belongs to groups: [[ResourceGroup{groupName='problem-controller', position=0}]] 
2019-06-13 14:51:50.492 INFO  --- [main] com.mangofactory.swagger.scanners.ApiListingReferenceScanner Line:82  - Adding resource to group:ResourceGroup{groupName='problem-controller', position=0} with description:problem Controller for handler method:deleteProblem
2019-06-13 14:51:50.492 INFO  --- [main] com.mangofactory.swagger.core.ClassOrApiAnnotationResourceGrouping Line:50  - Group for method selectReply was problem-controller
2019-06-13 14:51:50.492 INFO  --- [main] com.mangofactory.swagger.scanners.ApiListingReferenceScanner Line:78  - Request mapping: selectReply belongs to groups: [[ResourceGroup{groupName='problem-controller', position=0}]] 
2019-06-13 14:51:50.492 INFO  --- [main] com.mangofactory.swagger.scanners.ApiListingReferenceScanner Line:82  - Adding resource to group:ResourceGroup{groupName='problem-controller', position=0} with description:problem Controller for handler method:selectReply
2019-06-13 14:51:50.492 INFO  --- [main] com.mangofactory.swagger.core.ClassOrApiAnnotationResourceGrouping Line:50  - Group for method problemDetail was problem-controller
2019-06-13 14:51:50.492 INFO  --- [main] com.mangofactory.swagger.scanners.ApiListingReferenceScanner Line:78  - Request mapping: problemDetail belongs to groups: [[ResourceGroup{groupName='problem-controller', position=0}]] 
2019-06-13 14:51:50.492 INFO  --- [main] com.mangofactory.swagger.scanners.ApiListingReferenceScanner Line:82  - Adding resource to group:ResourceGroup{groupName='problem-controller', position=0} with description:problem Controller for handler method:problemDetail
2019-06-13 14:51:50.492 INFO  --- [main] com.mangofactory.swagger.core.ClassOrApiAnnotationResourceGrouping Line:50  - Group for method DetailAns was problem-controller
2019-06-13 14:51:50.492 INFO  --- [main] com.mangofactory.swagger.scanners.ApiListingReferenceScanner Line:78  - Request mapping: DetailAns belongs to groups: [[ResourceGroup{groupName='problem-controller', position=0}]] 
2019-06-13 14:51:50.492 INFO  --- [main] com.mangofactory.swagger.scanners.ApiListingReferenceScanner Line:82  - Adding resource to group:ResourceGroup{groupName='problem-controller', position=0} with description:problem Controller for handler method:DetailAns
2019-06-13 14:51:50.492 INFO  --- [main] com.mangofactory.swagger.core.ClassOrApiAnnotationResourceGrouping Line:50  - Group for method replyProblem was problem-controller
2019-06-13 14:51:50.492 INFO  --- [main] com.mangofactory.swagger.scanners.ApiListingReferenceScanner Line:78  - Request mapping: replyProblem belongs to groups: [[ResourceGroup{groupName='problem-controller', position=0}]] 
2019-06-13 14:51:50.492 INFO  --- [main] com.mangofactory.swagger.scanners.ApiListingReferenceScanner Line:82  - Adding resource to group:ResourceGroup{groupName='problem-controller', position=0} with description:problem Controller for handler method:replyProblem
2019-06-13 14:51:50.492 INFO  --- [main] com.mangofactory.swagger.core.ClassOrApiAnnotationResourceGrouping Line:50  - Group for method updateProblem was problem-controller
2019-06-13 14:51:50.492 INFO  --- [main] com.mangofactory.swagger.scanners.ApiListingReferenceScanner Line:78  - Request mapping: updateProblem belongs to groups: [[ResourceGroup{groupName='problem-controller', position=0}]] 
2019-06-13 14:51:50.502 INFO  --- [main] com.mangofactory.swagger.scanners.ApiListingReferenceScanner Line:82  - Adding resource to group:ResourceGroup{groupName='problem-controller', position=0} with description:problem Controller for handler method:updateProblem
2019-06-13 14:51:50.502 INFO  --- [main] com.mangofactory.swagger.core.ClassOrApiAnnotationResourceGrouping Line:50  - Group for method selectProblem was problem-controller
2019-06-13 14:51:50.502 INFO  --- [main] com.mangofactory.swagger.scanners.ApiListingReferenceScanner Line:78  - Request mapping: selectProblem belongs to groups: [[ResourceGroup{groupName='problem-controller', position=0}]] 
2019-06-13 14:51:50.502 INFO  --- [main] com.mangofactory.swagger.scanners.ApiListingReferenceScanner Line:82  - Adding resource to group:ResourceGroup{groupName='problem-controller', position=0} with description:problem Controller for handler method:selectProblem
2019-06-13 14:51:50.502 INFO  --- [main] com.mangofactory.swagger.core.ClassOrApiAnnotationResourceGrouping Line:50  - Group for method deleteAns was problem-controller
2019-06-13 14:51:50.502 INFO  --- [main] com.mangofactory.swagger.scanners.ApiListingReferenceScanner Line:78  - Request mapping: deleteAns belongs to groups: [[ResourceGroup{groupName='problem-controller', position=0}]] 
2019-06-13 14:51:50.502 INFO  --- [main] com.mangofactory.swagger.scanners.ApiListingReferenceScanner Line:82  - Adding resource to group:ResourceGroup{groupName='problem-controller', position=0} with description:problem Controller for handler method:deleteAns
2019-06-13 14:51:50.502 INFO  --- [main] com.mangofactory.swagger.core.ClassOrApiAnnotationResourceGrouping Line:50  - Group for method register was user-controller
2019-06-13 14:51:50.502 INFO  --- [main] com.mangofactory.swagger.scanners.ApiListingReferenceScanner Line:78  - Request mapping: register belongs to groups: [[ResourceGroup{groupName='user-controller', position=0}]] 
2019-06-13 14:51:50.502 INFO  --- [main] com.mangofactory.swagger.scanners.ApiListingReferenceScanner Line:82  - Adding resource to group:ResourceGroup{groupName='user-controller', position=0} with description:user Controller for handler method:register
2019-06-13 14:51:50.502 INFO  --- [main] com.mangofactory.swagger.core.ClassOrApiAnnotationResourceGrouping Line:50  - Group for method getUserInfo was user-controller
2019-06-13 14:51:50.502 INFO  --- [main] com.mangofactory.swagger.scanners.ApiListingReferenceScanner Line:78  - Request mapping: getUserInfo belongs to groups: [[ResourceGroup{groupName='user-controller', position=0}]] 
2019-06-13 14:51:50.502 INFO  --- [main] com.mangofactory.swagger.scanners.ApiListingReferenceScanner Line:82  - Adding resource to group:ResourceGroup{groupName='user-controller', position=0} with description:user Controller for handler method:getUserInfo
2019-06-13 14:51:50.502 INFO  --- [main] com.mangofactory.swagger.core.ClassOrApiAnnotationResourceGrouping Line:50  - Group for method userInfo was user-controller
2019-06-13 14:51:50.512 INFO  --- [main] com.mangofactory.swagger.scanners.ApiListingReferenceScanner Line:78  - Request mapping: userInfo belongs to groups: [[ResourceGroup{groupName='user-controller', position=0}]] 
2019-06-13 14:51:50.512 INFO  --- [main] com.mangofactory.swagger.scanners.ApiListingReferenceScanner Line:82  - Adding resource to group:ResourceGroup{groupName='user-controller', position=0} with description:user Controller for handler method:userInfo
2019-06-13 14:51:50.512 INFO  --- [main] com.mangofactory.swagger.core.ClassOrApiAnnotationResourceGrouping Line:50  - Group for method bePlayer was user-controller
2019-06-13 14:51:50.512 INFO  --- [main] com.mangofactory.swagger.scanners.ApiListingReferenceScanner Line:78  - Request mapping: bePlayer belongs to groups: [[ResourceGroup{groupName='user-controller', position=0}]] 
2019-06-13 14:51:50.512 INFO  --- [main] com.mangofactory.swagger.scanners.ApiListingReferenceScanner Line:82  - Adding resource to group:ResourceGroup{groupName='user-controller', position=0} with description:user Controller for handler method:bePlayer
2019-06-13 14:51:50.512 INFO  --- [main] com.mangofactory.swagger.core.ClassOrApiAnnotationResourceGrouping Line:50  - Group for method beAdmin was user-controller
2019-06-13 14:51:50.512 INFO  --- [main] com.mangofactory.swagger.scanners.ApiListingReferenceScanner Line:78  - Request mapping: beAdmin belongs to groups: [[ResourceGroup{groupName='user-controller', position=0}]] 
2019-06-13 14:51:50.512 INFO  --- [main] com.mangofactory.swagger.scanners.ApiListingReferenceScanner Line:82  - Adding resource to group:ResourceGroup{groupName='user-controller', position=0} with description:user Controller for handler method:beAdmin
2019-06-13 14:51:50.512 INFO  --- [main] com.mangofactory.swagger.core.ClassOrApiAnnotationResourceGrouping Line:50  - Group for method updateUserImage was user-controller
2019-06-13 14:51:50.512 INFO  --- [main] com.mangofactory.swagger.scanners.ApiListingReferenceScanner Line:78  - Request mapping: updateUserImage belongs to groups: [[ResourceGroup{groupName='user-controller', position=0}]] 
2019-06-13 14:51:50.512 INFO  --- [main] com.mangofactory.swagger.scanners.ApiListingReferenceScanner Line:82  - Adding resource to group:ResourceGroup{groupName='user-controller', position=0} with description:user Controller for handler method:updateUserImage
2019-06-13 14:51:50.512 INFO  --- [main] com.mangofactory.swagger.core.ClassOrApiAnnotationResourceGrouping Line:50  - Group for method updateUserInfo was user-controller
2019-06-13 14:51:50.512 INFO  --- [main] com.mangofactory.swagger.scanners.ApiListingReferenceScanner Line:78  - Request mapping: updateUserInfo belongs to groups: [[ResourceGroup{groupName='user-controller', position=0}]] 
2019-06-13 14:51:50.512 INFO  --- [main] com.mangofactory.swagger.scanners.ApiListingReferenceScanner Line:82  - Adding resource to group:ResourceGroup{groupName='user-controller', position=0} with description:user Controller for handler method:updateUserInfo
2019-06-13 14:51:50.522 INFO  --- [main] com.mangofactory.swagger.core.ClassOrApiAnnotationResourceGrouping Line:50  - Group for method notPassUser was user-controller
2019-06-13 14:51:50.522 INFO  --- [main] com.mangofactory.swagger.scanners.ApiListingReferenceScanner Line:78  - Request mapping: notPassUser belongs to groups: [[ResourceGroup{groupName='user-controller', position=0}]] 
2019-06-13 14:51:50.522 INFO  --- [main] com.mangofactory.swagger.scanners.ApiListingReferenceScanner Line:82  - Adding resource to group:ResourceGroup{groupName='user-controller', position=0} with description:user Controller for handler method:notPassUser
2019-06-13 14:51:50.522 INFO  --- [main] com.mangofactory.swagger.core.ClassOrApiAnnotationResourceGrouping Line:50  - Group for method getAllUserInfo was user-controller
2019-06-13 14:51:50.522 INFO  --- [main] com.mangofactory.swagger.scanners.ApiListingReferenceScanner Line:78  - Request mapping: getAllUserInfo belongs to groups: [[ResourceGroup{groupName='user-controller', position=0}]] 
2019-06-13 14:51:50.522 INFO  --- [main] com.mangofactory.swagger.scanners.ApiListingReferenceScanner Line:82  - Adding resource to group:ResourceGroup{groupName='user-controller', position=0} with description:user Controller for handler method:getAllUserInfo
2019-06-13 14:51:50.522 INFO  --- [main] com.mangofactory.swagger.core.ClassOrApiAnnotationResourceGrouping Line:50  - Group for method deleteUser was user-controller
2019-06-13 14:51:50.522 INFO  --- [main] com.mangofactory.swagger.scanners.ApiListingReferenceScanner Line:78  - Request mapping: deleteUser belongs to groups: [[ResourceGroup{groupName='user-controller', position=0}]] 
2019-06-13 14:51:50.522 INFO  --- [main] com.mangofactory.swagger.scanners.ApiListingReferenceScanner Line:82  - Adding resource to group:ResourceGroup{groupName='user-controller', position=0} with description:user Controller for handler method:deleteUser
2019-06-13 14:51:50.522 INFO  --- [main] com.mangofactory.swagger.core.ClassOrApiAnnotationResourceGrouping Line:50  - Group for method login was user-controller
2019-06-13 14:51:50.522 INFO  --- [main] com.mangofactory.swagger.scanners.ApiListingReferenceScanner Line:78  - Request mapping: login belongs to groups: [[ResourceGroup{groupName='user-controller', position=0}]] 
2019-06-13 14:51:50.522 INFO  --- [main] com.mangofactory.swagger.scanners.ApiListingReferenceScanner Line:82  - Adding resource to group:ResourceGroup{groupName='user-controller', position=0} with description:user Controller for handler method:login
2019-06-13 14:51:50.522 INFO  --- [main] com.mangofactory.swagger.core.ClassOrApiAnnotationResourceGrouping Line:50  - Group for method selectUser was user-controller
2019-06-13 14:51:50.522 INFO  --- [main] com.mangofactory.swagger.scanners.ApiListingReferenceScanner Line:78  - Request mapping: selectUser belongs to groups: [[ResourceGroup{groupName='user-controller', position=0}]] 
2019-06-13 14:51:50.522 INFO  --- [main] com.mangofactory.swagger.scanners.ApiListingReferenceScanner Line:82  - Adding resource to group:ResourceGroup{groupName='user-controller', position=0} with description:user Controller for handler method:selectUser
2019-06-13 14:51:50.532 INFO  --- [main] com.mangofactory.swagger.core.ClassOrApiAnnotationResourceGrouping Line:50  - Group for method selectUser was user-controller
2019-06-13 14:51:50.532 INFO  --- [main] com.mangofactory.swagger.scanners.ApiListingReferenceScanner Line:78  - Request mapping: selectUser belongs to groups: [[ResourceGroup{groupName='user-controller', position=0}]] 
2019-06-13 14:51:50.532 INFO  --- [main] com.mangofactory.swagger.scanners.ApiListingReferenceScanner Line:82  - Adding resource to group:ResourceGroup{groupName='user-controller', position=0} with description:user Controller for handler method:selectUser
2019-06-13 14:51:50.532 INFO  --- [main] com.mangofactory.swagger.core.ClassOrApiAnnotationResourceGrouping Line:50  - Group for method updateUserImageByMy was user-controller
2019-06-13 14:51:50.532 INFO  --- [main] com.mangofactory.swagger.scanners.ApiListingReferenceScanner Line:78  - Request mapping: updateUserImageByMy belongs to groups: [[ResourceGroup{groupName='user-controller', position=0}]] 
2019-06-13 14:51:50.532 INFO  --- [main] com.mangofactory.swagger.scanners.ApiListingReferenceScanner Line:82  - Adding resource to group:ResourceGroup{groupName='user-controller', position=0} with description:user Controller for handler method:updateUserImageByMy
2019-06-13 14:51:50.532 INFO  --- [main] com.mangofactory.swagger.core.ClassOrApiAnnotationResourceGrouping Line:50  - Group for method register was program-controller
2019-06-13 14:51:50.532 INFO  --- [main] com.mangofactory.swagger.scanners.ApiListingReferenceScanner Line:78  - Request mapping: register belongs to groups: [[ResourceGroup{groupName='program-controller', position=0}]] 
2019-06-13 14:51:50.532 INFO  --- [main] com.mangofactory.swagger.scanners.ApiListingReferenceScanner Line:82  - Adding resource to group:ResourceGroup{groupName='program-controller', position=0} with description:program Controller for handler method:register
2019-06-13 14:51:50.532 INFO  --- [main] com.mangofactory.swagger.core.ClassOrApiAnnotationResourceGrouping Line:50  - Group for method cLogin was program-controller
2019-06-13 14:51:50.532 INFO  --- [main] com.mangofactory.swagger.scanners.ApiListingReferenceScanner Line:78  - Request mapping: cLogin belongs to groups: [[ResourceGroup{groupName='program-controller', position=0}]] 
2019-06-13 14:51:50.532 INFO  --- [main] com.mangofactory.swagger.scanners.ApiListingReferenceScanner Line:82  - Adding resource to group:ResourceGroup{groupName='program-controller', position=0} with description:program Controller for handler method:cLogin
2019-06-13 14:51:50.532 INFO  --- [main] com.mangofactory.swagger.core.ClassOrApiAnnotationResourceGrouping Line:50  - Group for method wInfo was program-controller
2019-06-13 14:51:50.532 INFO  --- [main] com.mangofactory.swagger.scanners.ApiListingReferenceScanner Line:78  - Request mapping: wInfo belongs to groups: [[ResourceGroup{groupName='program-controller', position=0}]] 
2019-06-13 14:51:50.542 INFO  --- [main] com.mangofactory.swagger.scanners.ApiListingReferenceScanner Line:82  - Adding resource to group:ResourceGroup{groupName='program-controller', position=0} with description:program Controller for handler method:wInfo
2019-06-13 14:51:50.542 INFO  --- [main] com.mangofactory.swagger.core.ClassOrApiAnnotationResourceGrouping Line:50  - Group for method test was test
2019-06-13 14:51:50.542 INFO  --- [main] com.mangofactory.swagger.scanners.ApiListingReferenceScanner Line:78  - Request mapping: test belongs to groups: [[ResourceGroup{groupName='test', position=0}]] 
2019-06-13 14:51:50.542 INFO  --- [main] com.mangofactory.swagger.scanners.ApiListingReferenceScanner Line:82  - Adding resource to group:ResourceGroup{groupName='test', position=0} with description:test for handler method:test
2019-06-13 14:51:50.542 INFO  --- [main] com.mangofactory.swagger.core.ClassOrApiAnnotationResourceGrouping Line:50  - Group for method id was test
2019-06-13 14:51:50.542 INFO  --- [main] com.mangofactory.swagger.scanners.ApiListingReferenceScanner Line:78  - Request mapping: id belongs to groups: [[ResourceGroup{groupName='test', position=0}]] 
2019-06-13 14:51:50.542 INFO  --- [main] com.mangofactory.swagger.scanners.ApiListingReferenceScanner Line:82  - Adding resource to group:ResourceGroup{groupName='test', position=0} with description:test for handler method:id
2019-06-13 14:51:50.542 INFO  --- [main] com.mangofactory.swagger.core.ClassOrApiAnnotationResourceGrouping Line:50  - Group for method menuDelete was test
2019-06-13 14:51:50.542 INFO  --- [main] com.mangofactory.swagger.scanners.ApiListingReferenceScanner Line:78  - Request mapping: menuDelete belongs to groups: [[ResourceGroup{groupName='test', position=0}]] 
2019-06-13 14:51:50.542 INFO  --- [main] com.mangofactory.swagger.scanners.ApiListingReferenceScanner Line:82  - Adding resource to group:ResourceGroup{groupName='test', position=0} with description:test for handler method:menuDelete
2019-06-13 14:51:50.542 INFO  --- [main] com.mangofactory.swagger.core.ClassOrApiAnnotationResourceGrouping Line:50  - Group for method menuGet was test
2019-06-13 14:51:50.542 INFO  --- [main] com.mangofactory.swagger.scanners.ApiListingReferenceScanner Line:78  - Request mapping: menuGet belongs to groups: [[ResourceGroup{groupName='test', position=0}]] 
2019-06-13 14:51:50.542 INFO  --- [main] com.mangofactory.swagger.scanners.ApiListingReferenceScanner Line:82  - Adding resource to group:ResourceGroup{groupName='test', position=0} with description:test for handler method:menuGet
2019-06-13 14:51:50.542 INFO  --- [main] com.mangofactory.swagger.core.ClassOrApiAnnotationResourceGrouping Line:50  - Group for method cLogin was test
2019-06-13 14:51:50.542 INFO  --- [main] com.mangofactory.swagger.scanners.ApiListingReferenceScanner Line:78  - Request mapping: cLogin belongs to groups: [[ResourceGroup{groupName='test', position=0}]] 
2019-06-13 14:51:50.552 INFO  --- [main] com.mangofactory.swagger.scanners.ApiListingReferenceScanner Line:82  - Adding resource to group:ResourceGroup{groupName='test', position=0} with description:test for handler method:cLogin
2019-06-13 14:51:50.552 INFO  --- [main] com.mangofactory.swagger.core.ClassOrApiAnnotationResourceGrouping Line:50  - Group for method wLogin was test
2019-06-13 14:51:50.552 INFO  --- [main] com.mangofactory.swagger.scanners.ApiListingReferenceScanner Line:78  - Request mapping: wLogin belongs to groups: [[ResourceGroup{groupName='test', position=0}]] 
2019-06-13 14:51:50.552 INFO  --- [main] com.mangofactory.swagger.scanners.ApiListingReferenceScanner Line:82  - Adding resource to group:ResourceGroup{groupName='test', position=0} with description:test for handler method:wLogin
2019-06-13 14:51:50.552 INFO  --- [main] com.mangofactory.swagger.core.ClassOrApiAnnotationResourceGrouping Line:50  - Group for method wInfo was test
2019-06-13 14:51:50.552 INFO  --- [main] com.mangofactory.swagger.scanners.ApiListingReferenceScanner Line:78  - Request mapping: wInfo belongs to groups: [[ResourceGroup{groupName='test', position=0}]] 
2019-06-13 14:51:50.552 INFO  --- [main] com.mangofactory.swagger.scanners.ApiListingReferenceScanner Line:82  - Adding resource to group:ResourceGroup{groupName='test', position=0} with description:test for handler method:wInfo
2019-06-13 14:51:50.552 INFO  --- [main] com.mangofactory.swagger.core.ClassOrApiAnnotationResourceGrouping Line:50  - Group for method menu was test
2019-06-13 14:51:50.552 INFO  --- [main] com.mangofactory.swagger.scanners.ApiListingReferenceScanner Line:78  - Request mapping: menu belongs to groups: [[ResourceGroup{groupName='test', position=0}]] 
2019-06-13 14:51:50.552 INFO  --- [main] com.mangofactory.swagger.scanners.ApiListingReferenceScanner Line:82  - Adding resource to group:ResourceGroup{groupName='test', position=0} with description:test for handler method:menu
2019-06-13 14:51:50.552 INFO  --- [main] com.mangofactory.swagger.core.RequestMappingEvaluator Line:74  - Excluding method as it contains the excluded annotation: interface com.mangofactory.swagger.annotations.ApiIgnore
2019-06-13 14:51:50.552 INFO  --- [main] com.mangofactory.swagger.core.RequestMappingEvaluator Line:74  - Excluding method as it contains the excluded annotation: interface com.mangofactory.swagger.annotations.ApiIgnore
2019-06-13 14:51:50.552 INFO  --- [main] com.mangofactory.swagger.core.ClassOrApiAnnotationResourceGrouping Line:50  - Group for method error was basic-error-controller
2019-06-13 14:51:50.552 INFO  --- [main] com.mangofactory.swagger.scanners.ApiListingReferenceScanner Line:78  - Request mapping: error belongs to groups: [[ResourceGroup{groupName='basic-error-controller', position=0}]] 
2019-06-13 14:51:50.552 INFO  --- [main] com.mangofactory.swagger.scanners.ApiListingReferenceScanner Line:82  - Adding resource to group:ResourceGroup{groupName='basic-error-controller', position=0} with description:Basic Error Controller for handler method:error
2019-06-13 14:51:50.552 INFO  --- [main] com.mangofactory.swagger.core.ClassOrApiAnnotationResourceGrouping Line:50  - Group for method errorHtml was basic-error-controller
2019-06-13 14:51:50.562 INFO  --- [main] com.mangofactory.swagger.scanners.ApiListingReferenceScanner Line:78  - Request mapping: errorHtml belongs to groups: [[ResourceGroup{groupName='basic-error-controller', position=0}]] 
2019-06-13 14:51:50.562 INFO  --- [main] com.mangofactory.swagger.scanners.ApiListingReferenceScanner Line:82  - Adding resource to group:ResourceGroup{groupName='basic-error-controller', position=0} with description:Basic Error Controller for handler method:errorHtml
2019-06-13 14:51:50.572 INFO  --- [main] com.mangofactory.swagger.scanners.ApiListingReferenceScanner Line:96  - Created resource listing Path: /default/photo-controller Description: photo-controller Position: 0
2019-06-13 14:51:50.572 INFO  --- [main] com.mangofactory.swagger.scanners.ApiListingReferenceScanner Line:96  - Created resource listing Path: /default/info-controller Description: info-controller Position: 0
2019-06-13 14:51:50.572 INFO  --- [main] com.mangofactory.swagger.scanners.ApiListingReferenceScanner Line:96  - Created resource listing Path: /default/image-controller Description: image-controller Position: 0
2019-06-13 14:51:50.572 INFO  --- [main] com.mangofactory.swagger.scanners.ApiListingReferenceScanner Line:96  - Created resource listing Path: /default/problem-controller Description: problem-controller Position: 0
2019-06-13 14:51:50.572 INFO  --- [main] com.mangofactory.swagger.scanners.ApiListingReferenceScanner Line:96  - Created resource listing Path: /default/friendurl-controller Description: friendurl-controller Position: 0
2019-06-13 14:51:50.572 INFO  --- [main] com.mangofactory.swagger.scanners.ApiListingReferenceScanner Line:96  - Created resource listing Path: /default/test Description: test Position: 0
2019-06-13 14:51:50.572 INFO  --- [main] com.mangofactory.swagger.scanners.ApiListingReferenceScanner Line:96  - Created resource listing Path: /default/lecture-controller Description: lecture-controller Position: 0
2019-06-13 14:51:50.572 INFO  --- [main] com.mangofactory.swagger.scanners.ApiListingReferenceScanner Line:96  - Created resource listing Path: /default/album-controller Description: album-controller Position: 0
2019-06-13 14:51:50.572 INFO  --- [main] com.mangofactory.swagger.scanners.ApiListingReferenceScanner Line:96  - Created resource listing Path: /default/follow-controller Description: follow-controller Position: 0
2019-06-13 14:51:50.572 INFO  --- [main] com.mangofactory.swagger.scanners.ApiListingReferenceScanner Line:96  - Created resource listing Path: /default/invitation-controller Description: invitation-controller Position: 0
2019-06-13 14:51:50.572 INFO  --- [main] com.mangofactory.swagger.scanners.ApiListingReferenceScanner Line:96  - Created resource listing Path: /default/user-controller Description: user-controller Position: 0
2019-06-13 14:51:50.572 INFO  --- [main] com.mangofactory.swagger.scanners.ApiListingReferenceScanner Line:96  - Created resource listing Path: /default/program-controller Description: program-controller Position: 0
2019-06-13 14:51:50.572 INFO  --- [main] com.mangofactory.swagger.scanners.ApiListingReferenceScanner Line:96  - Created resource listing Path: /default/basic-error-controller Description: basic-error-controller Position: 0
2019-06-13 14:51:50.572 INFO  --- [main] com.mangofactory.swagger.scanners.ApiListingReferenceScanner Line:96  - Created resource listing Path: /default/comment-controller Description: comment-controller Position: 0
2019-06-13 14:51:53.152 INFO  --- [main] com.mangofactory.swagger.core.SwaggerApiResourceListing Line:89  - Added a resource listing with (14) api resources: 
2019-06-13 14:51:53.152 INFO  --- [main] com.mangofactory.swagger.core.SwaggerApiResourceListing Line:93  -   Album Controller at location: /api-docs/default/album-controller
2019-06-13 14:51:53.152 INFO  --- [main] com.mangofactory.swagger.core.SwaggerApiResourceListing Line:93  -   Basic Error Controller at location: /api-docs/default/basic-error-controller
2019-06-13 14:51:53.152 INFO  --- [main] com.mangofactory.swagger.core.SwaggerApiResourceListing Line:93  -   Comment Controller at location: /api-docs/default/comment-controller
2019-06-13 14:51:53.152 INFO  --- [main] com.mangofactory.swagger.core.SwaggerApiResourceListing Line:93  -   Follow Controller at location: /api-docs/default/follow-controller
2019-06-13 14:51:53.152 INFO  --- [main] com.mangofactory.swagger.core.SwaggerApiResourceListing Line:93  -   Friendurl Controller at location: /api-docs/default/friendurl-controller
2019-06-13 14:51:53.152 INFO  --- [main] com.mangofactory.swagger.core.SwaggerApiResourceListing Line:93  -   Image Controller at location: /api-docs/default/image-controller
2019-06-13 14:51:53.152 INFO  --- [main] com.mangofactory.swagger.core.SwaggerApiResourceListing Line:93  -   Info Controller at location: /api-docs/default/info-controller
2019-06-13 14:51:53.152 INFO  --- [main] com.mangofactory.swagger.core.SwaggerApiResourceListing Line:93  -   Invitation Controller at location: /api-docs/default/invitation-controller
2019-06-13 14:51:53.152 INFO  --- [main] com.mangofactory.swagger.core.SwaggerApiResourceListing Line:93  -   Lecture Controller at location: /api-docs/default/lecture-controller
2019-06-13 14:51:53.152 INFO  --- [main] com.mangofactory.swagger.core.SwaggerApiResourceListing Line:93  -   Photo Controller at location: /api-docs/default/photo-controller
2019-06-13 14:51:53.152 INFO  --- [main] com.mangofactory.swagger.core.SwaggerApiResourceListing Line:93  -   problem Controller at location: /api-docs/default/problem-controller
2019-06-13 14:51:53.152 INFO  --- [main] com.mangofactory.swagger.core.SwaggerApiResourceListing Line:93  -   program Controller at location: /api-docs/default/program-controller
2019-06-13 14:51:53.162 INFO  --- [main] com.mangofactory.swagger.core.SwaggerApiResourceListing Line:93  -   test at location: /api-docs/default/test
2019-06-13 14:51:53.162 INFO  --- [main] com.mangofactory.swagger.core.SwaggerApiResourceListing Line:93  -   user Controller at location: /api-docs/default/user-controller
2019-06-13 14:51:53.162 INFO  --- [main] org.apache.coyote.http11.Http11NioProtocol Line:180 - Starting ProtocolHandler ["http-nio-9999"]
2019-06-13 14:51:53.172 INFO  --- [main] org.apache.tomcat.util.net.NioSelectorPool Line:180 - Using a shared selector for servlet write/read
2019-06-13 14:51:53.192 INFO  --- [main] com.example.acm.AcmApplication Line:59  - Started AcmApplication in 8.93 seconds (JVM running for 10.611)
2019-06-13 14:54:36.670 INFO  --- [http-nio-9999-exec-1] org.apache.catalina.core.ContainerBase.[Tomcat].[localhost].[/] Line:180 - Initializing Spring FrameworkServlet 'dispatcherServlet'
2019-06-13 14:54:36.710 INFO  --- [http-nio-9999-exec-2] com.example.acm.interceptor.AuthInterceptor Line:33  - -------------------------POST
2019-06-13 14:54:36.730 INFO  --- [http-nio-9999-exec-2] com.example.acm.controller.userController Line:58  - -----------token:
2019-06-13 14:54:36.730 INFO  --- [http-nio-9999-exec-2] com.example.acm.controller.userController Line:59  - usernamegyt
2019-06-13 14:54:36.750 INFO  --- [http-nio-9999-exec-2] com.zaxxer.hikari.HikariDataSource Line:110 - HikariPool-1 - Starting...
2019-06-13 14:54:36.920 INFO  --- [http-nio-9999-exec-2] com.zaxxer.hikari.HikariDataSource Line:123 - HikariPool-1 - Start completed.
2019-06-13 14:54:37.080 INFO  --- [http-nio-9999-exec-2] com.example.acm.controller.userController Line:71  - gyt
2019-06-13 14:54:37.090 INFO  --- [http-nio-9999-exec-2] com.example.acm.controller.userController Line:72  - userId-----------------2
2019-06-13 14:54:37.170 INFO  --- [http-nio-9999-exec-2] io.lettuce.core.EpollProvider Line:101 - Starting without optional epoll library
2019-06-13 14:54:37.170 INFO  --- [http-nio-9999-exec-2] io.lettuce.core.KqueueProvider Line:101 - Starting without optional kqueue library
2019-06-13 14:54:37.840 INFO  --- [http-nio-9999-exec-7] com.example.acm.interceptor.AuthInterceptor Line:33  - -------------------------POST
2019-06-13 14:54:37.840 INFO  --- [http-nio-9999-exec-7] com.example.acm.controller.userController Line:94  - ----------------uID344e1a2e50234ec49281a91ec06cdc95
2019-06-13 14:54:37.840 INFO  --- [http-nio-9999-exec-9] com.example.acm.interceptor.AuthInterceptor Line:33  - -------------------------POST
2019-06-13 14:54:37.840 INFO  --- [http-nio-9999-exec-8] com.example.acm.interceptor.AuthInterceptor Line:33  - -------------------------POST
2019-06-13 14:54:37.840 INFO  --- [http-nio-9999-exec-10] com.example.acm.interceptor.AuthInterceptor Line:33  - -------------------------POST
2019-06-13 14:54:37.850 INFO  --- [http-nio-9999-exec-7] com.example.acm.controller.BaseController Line:50  - ------uID2
2019-06-13 14:54:37.890 INFO  --- [http-nio-9999-exec-7] com.example.acm.controller.userController Line:104 - gyt
2019-06-13 14:55:17.969 INFO  --- [http-nio-9999-exec-2] com.example.acm.interceptor.AuthInterceptor Line:33  - -------------------------POST
2019-06-13 14:55:17.979 INFO  --- [http-nio-9999-exec-2] com.example.acm.controller.BaseController Line:50  - ------uID2
2019-06-13 14:55:19.759 INFO  --- [http-nio-9999-exec-6] com.example.acm.interceptor.AuthInterceptor Line:33  - -------------------------POST
2019-06-13 14:55:19.769 INFO  --- [http-nio-9999-exec-6] com.example.acm.controller.BaseController Line:50  - ------uID2
2019-06-13 14:55:19.839 INFO  --- [http-nio-9999-exec-5] com.example.acm.interceptor.AuthInterceptor Line:33  - -------------------------POST
2019-06-13 14:55:19.839 INFO  --- [http-nio-9999-exec-7] com.example.acm.interceptor.AuthInterceptor Line:33  - -------------------------POST
2019-06-13 14:55:19.849 INFO  --- [http-nio-9999-exec-8] com.example.acm.interceptor.AuthInterceptor Line:33  - -------------------------POST
2019-06-13 14:55:19.849 INFO  --- [http-nio-9999-exec-5] com.example.acm.controller.BaseController Line:50  - ------uID2
2019-06-13 14:55:19.849 INFO  --- [http-nio-9999-exec-9] com.example.acm.interceptor.AuthInterceptor Line:33  - -------------------------POST
2019-06-13 14:55:19.859 INFO  --- [http-nio-9999-exec-10] com.example.acm.interceptor.AuthInterceptor Line:33  - -------------------------POST
2019-06-13 14:55:19.869 INFO  --- [http-nio-9999-exec-1] com.example.acm.interceptor.AuthInterceptor Line:33  - -------------------------POST
2019-06-13 14:55:19.879 INFO  --- [http-nio-9999-exec-7] com.example.acm.controller.BaseController Line:50  - ------uID2
2019-06-13 14:55:19.879 INFO  --- [http-nio-9999-exec-8] com.example.acm.controller.BaseController Line:50  - ------uID2
2019-06-13 14:55:19.889 INFO  --- [http-nio-9999-exec-9] com.example.acm.controller.BaseController Line:50  - ------uID2
2019-06-13 14:55:19.899 INFO  --- [http-nio-9999-exec-10] com.example.acm.controller.BaseController Line:50  - ------uID2
2019-06-13 14:55:19.899 INFO  --- [http-nio-9999-exec-5] com.example.acm.interceptor.AuthInterceptor Line:33  - -------------------------POST
2019-06-13 14:55:19.909 INFO  --- [http-nio-9999-exec-1] com.example.acm.controller.BaseController Line:50  - ------uID2
2019-06-13 14:55:19.929 INFO  --- [http-nio-9999-exec-5] com.example.acm.controller.BaseController Line:50  - ------uID2
2019-06-13 14:55:19.929 INFO  --- [http-nio-9999-exec-3] com.example.acm.interceptor.AuthInterceptor Line:33  - -------------------------POST
2019-06-13 14:55:19.929 INFO  --- [http-nio-9999-exec-2] com.example.acm.interceptor.AuthInterceptor Line:33  - -------------------------POST
2019-06-13 14:55:19.949 INFO  --- [http-nio-9999-exec-6] com.example.acm.interceptor.AuthInterceptor Line:33  - -------------------------POST
2019-06-13 14:55:19.979 INFO  --- [http-nio-9999-exec-3] com.example.acm.controller.BaseController Line:50  - ------uID2
2019-06-13 14:55:19.979 INFO  --- [http-nio-9999-exec-2] com.example.acm.controller.BaseController Line:50  - ------uID2
2019-06-13 14:55:19.999 INFO  --- [http-nio-9999-exec-6] com.example.acm.controller.BaseController Line:50  - ------uID2
2019-06-13 14:55:21.810 INFO  --- [http-nio-9999-exec-8] com.example.acm.interceptor.AuthInterceptor Line:33  - -------------------------POST
2019-06-13 14:55:21.820 INFO  --- [http-nio-9999-exec-8] com.example.acm.controller.BaseController Line:50  - ------uID2
2019-06-13 14:55:22.980 INFO  --- [http-nio-9999-exec-9] com.example.acm.interceptor.AuthInterceptor Line:33  - -------------------------POST
2019-06-13 14:55:22.990 INFO  --- [http-nio-9999-exec-9] com.example.acm.controller.BaseController Line:50  - ------uID2
2019-06-13 14:55:23.070 INFO  --- [http-nio-9999-exec-10] com.example.acm.interceptor.AuthInterceptor Line:33  - -------------------------GET
2019-06-13 14:55:23.070 INFO  --- [http-nio-9999-exec-1] com.example.acm.interceptor.AuthInterceptor Line:33  - -------------------------GET
2019-06-13 14:55:23.070 INFO  --- [http-nio-9999-exec-5] com.example.acm.interceptor.AuthInterceptor Line:33  - -------------------------GET
2019-06-13 14:55:23.080 INFO  --- [http-nio-9999-exec-2] com.example.acm.interceptor.AuthInterceptor Line:33  - -------------------------GET
2019-06-13 14:55:23.080 INFO  --- [http-nio-9999-exec-3] com.example.acm.interceptor.AuthInterceptor Line:33  - -------------------------GET
2019-06-13 14:55:23.080 INFO  --- [http-nio-9999-exec-6] com.example.acm.interceptor.AuthInterceptor Line:33  - -------------------------GET
2019-06-13 14:55:24.460 INFO  --- [http-nio-9999-exec-8] com.example.acm.interceptor.AuthInterceptor Line:33  - -------------------------POST
2019-06-13 14:55:24.480 INFO  --- [http-nio-9999-exec-8] com.example.acm.controller.BaseController Line:50  - ------uID2
2019-06-13 14:55:24.920 INFO  --- [http-nio-9999-exec-9] com.example.acm.interceptor.AuthInterceptor Line:33  - -------------------------POST
2019-06-13 14:55:24.930 INFO  --- [http-nio-9999-exec-9] com.example.acm.controller.BaseController Line:50  - ------uID2
2019-06-13 14:55:25.900 INFO  --- [http-nio-9999-exec-6] com.example.acm.interceptor.AuthInterceptor Line:33  - -------------------------POST
2019-06-13 14:55:25.910 INFO  --- [http-nio-9999-exec-2] com.example.acm.interceptor.AuthInterceptor Line:33  - -------------------------POST
2019-06-13 14:55:25.910 INFO  --- [http-nio-9999-exec-1] com.example.acm.interceptor.AuthInterceptor Line:33  - -------------------------POST
